<?xml version="1.0" encoding="UTF-8"?>
<testng-results ignored="0" total="4" passed="4" failed="0" skipped="0">
  <reporter-output>
  </reporter-output>
  <suite started-at="2024-07-18T15:52:08 IST" name="My Test Suite" finished-at="2024-07-18T15:52:41 IST" duration-ms="33370">
    <groups>
    </groups>
    <test started-at="2024-07-18T15:52:08 IST" name="Frontend Tests" finished-at="2024-07-18T15:52:39 IST" duration-ms="31281">
      <class name="com.mytestframework.frontend.FrontendTests">
        <test-method is-config="true" signature="setUp()[pri:0, instance:com.mytestframework.frontend.FrontendTests@2177849e]" started-at="2024-07-18T15:52:08 IST" name="setUp" finished-at="2024-07-18T15:52:09 IST" duration-ms="1474" status="PASS">
          <reporter-output>
          </reporter-output>
        </test-method> <!-- setUp -->
        <test-method signature="validateSubscriptionPackages(java.lang.String,java.lang.String,java.lang.String,java.lang.String,java.lang.String,java.lang.String)[pri:0, instance:com.mytestframework.frontend.FrontendTests@2177849e]" started-at="2024-07-18T15:52:09 IST" name="validateSubscriptionPackages" data-provider="countriesData" finished-at="2024-07-18T15:52:18 IST" duration-ms="8539" status="PASS">
          <params>
            <param index="0">
              <value>
                <![CDATA[sa]]>
              </value>
            </param>
            <param index="1">
              <value>
                <![CDATA[Saudi Arabia]]>
              </value>
            </param>
            <param index="2">
              <value>
                <![CDATA[15]]>
              </value>
            </param>
            <param index="3">
              <value>
                <![CDATA[25]]>
              </value>
            </param>
            <param index="4">
              <value>
                <![CDATA[60]]>
              </value>
            </param>
            <param index="5">
              <value>
                <![CDATA[SAR]]>
              </value>
            </param>
          </params>
          <reporter-output>
          </reporter-output>
        </test-method> <!-- validateSubscriptionPackages -->
        <test-method is-config="true" signature="tearDown()[pri:0, instance:com.mytestframework.frontend.FrontendTests@2177849e]" started-at="2024-07-18T15:52:18 IST" name="tearDown" finished-at="2024-07-18T15:52:19 IST" duration-ms="1064" status="PASS">
          <reporter-output>
          </reporter-output>
        </test-method> <!-- tearDown -->
        <test-method is-config="true" signature="setUp()[pri:0, instance:com.mytestframework.frontend.FrontendTests@2177849e]" started-at="2024-07-18T15:52:19 IST" name="setUp" finished-at="2024-07-18T15:52:20 IST" duration-ms="777" status="PASS">
          <reporter-output>
          </reporter-output>
        </test-method> <!-- setUp -->
        <test-method signature="validateSubscriptionPackages(java.lang.String,java.lang.String,java.lang.String,java.lang.String,java.lang.String,java.lang.String)[pri:0, instance:com.mytestframework.frontend.FrontendTests@2177849e]" started-at="2024-07-18T15:52:20 IST" name="validateSubscriptionPackages" data-provider="countriesData" finished-at="2024-07-18T15:52:28 IST" duration-ms="8473" status="PASS">
          <params>
            <param index="0">
              <value>
                <![CDATA[kw]]>
              </value>
            </param>
            <param index="1">
              <value>
                <![CDATA[Kuwait]]>
              </value>
            </param>
            <param index="2">
              <value>
                <![CDATA[1.2]]>
              </value>
            </param>
            <param index="3">
              <value>
                <![CDATA[2.5]]>
              </value>
            </param>
            <param index="4">
              <value>
                <![CDATA[4.8]]>
              </value>
            </param>
            <param index="5">
              <value>
                <![CDATA[KWD]]>
              </value>
            </param>
          </params>
          <reporter-output>
          </reporter-output>
        </test-method> <!-- validateSubscriptionPackages -->
        <test-method is-config="true" signature="tearDown()[pri:0, instance:com.mytestframework.frontend.FrontendTests@2177849e]" started-at="2024-07-18T15:52:28 IST" name="tearDown" finished-at="2024-07-18T15:52:29 IST" duration-ms="300" status="PASS">
          <reporter-output>
          </reporter-output>
        </test-method> <!-- tearDown -->
        <test-method is-config="true" signature="setUp()[pri:0, instance:com.mytestframework.frontend.FrontendTests@2177849e]" started-at="2024-07-18T15:52:29 IST" name="setUp" finished-at="2024-07-18T15:52:29 IST" duration-ms="672" status="PASS">
          <reporter-output>
          </reporter-output>
        </test-method> <!-- setUp -->
        <test-method signature="validateSubscriptionPackages(java.lang.String,java.lang.String,java.lang.String,java.lang.String,java.lang.String,java.lang.String)[pri:0, instance:com.mytestframework.frontend.FrontendTests@2177849e]" started-at="2024-07-18T15:52:29 IST" name="validateSubscriptionPackages" data-provider="countriesData" finished-at="2024-07-18T15:52:39 IST" duration-ms="9608" status="PASS">
          <params>
            <param index="0">
              <value>
                <![CDATA[bh]]>
              </value>
            </param>
            <param index="1">
              <value>
                <![CDATA[Bahrain]]>
              </value>
            </param>
            <param index="2">
              <value>
                <![CDATA[2]]>
              </value>
            </param>
            <param index="3">
              <value>
                <![CDATA[3]]>
              </value>
            </param>
            <param index="4">
              <value>
                <![CDATA[6]]>
              </value>
            </param>
            <param index="5">
              <value>
                <![CDATA[BHD]]>
              </value>
            </param>
          </params>
          <reporter-output>
          </reporter-output>
        </test-method> <!-- validateSubscriptionPackages -->
        <test-method is-config="true" signature="tearDown()[pri:0, instance:com.mytestframework.frontend.FrontendTests@2177849e]" started-at="2024-07-18T15:52:39 IST" name="tearDown" finished-at="2024-07-18T15:52:39 IST" duration-ms="306" status="PASS">
          <reporter-output>
          </reporter-output>
        </test-method> <!-- tearDown -->
      </class> <!-- com.mytestframework.frontend.FrontendTests -->
    </test> <!-- Frontend Tests -->
    <test started-at="2024-07-18T15:52:39 IST" name="API Tests" finished-at="2024-07-18T15:52:41 IST" duration-ms="2061">
      <class name="com.mytestframework.api.APITests">
        <test-method signature="testAddNewDevice()[pri:0, instance:com.mytestframework.api.APITests@7a419da4]" started-at="2024-07-18T15:52:39 IST" name="testAddNewDevice" finished-at="2024-07-18T15:52:41 IST" duration-ms="2003" status="PASS">
          <reporter-output>
          </reporter-output>
        </test-method> <!-- testAddNewDevice -->
        <test-method is-config="true" signature="setUp()[pri:0, instance:com.mytestframework.api.APITests@7a419da4]" started-at="2024-07-18T15:52:39 IST" name="setUp" finished-at="2024-07-18T15:52:39 IST" duration-ms="0" status="PASS">
          <reporter-output>
          </reporter-output>
        </test-method> <!-- setUp -->
        <test-method is-config="true" signature="tearDown()[pri:0, instance:com.mytestframework.api.APITests@7a419da4]" started-at="2024-07-18T15:52:41 IST" name="tearDown" finished-at="2024-07-18T15:52:41 IST" duration-ms="53" status="PASS">
          <reporter-output>
          </reporter-output>
        </test-method> <!-- tearDown -->
      </class> <!-- com.mytestframework.api.APITests -->
    </test> <!-- API Tests -->
  </suite> <!-- My Test Suite -->
</testng-results>
