<?xml version="1.0" encoding="UTF-8"?>
<testng-results ignored="0" total="2" passed="2" failed="0" skipped="0">
  <reporter-output>
  </reporter-output>
  <suite started-at="2024-07-17T11:22:32 IST" name="My Test Suite" finished-at="2024-07-17T11:28:45 IST" duration-ms="373676">
    <groups>
    </groups>
    <test started-at="2024-07-17T11:22:32 IST" name="Frontend Tests" finished-at="2024-07-17T11:28:44 IST" duration-ms="372068">
      <class name="com.mytestframework.frontend.FrontendTests">
        <test-method is-config="true" signature="setUp()[pri:0, instance:com.mytestframework.frontend.FrontendTests@6b0d80ed]" started-at="2024-07-17T11:22:32 IST" name="setUp" finished-at="2024-07-17T11:22:33 IST" duration-ms="1219" status="PASS">
          <reporter-output>
          </reporter-output>
        </test-method> <!-- setUp -->
        <test-method signature="validateSubscriptionPackages()[pri:0, instance:com.mytestframework.frontend.FrontendTests@6b0d80ed]" started-at="2024-07-17T11:22:33 IST" name="validateSubscriptionPackages" finished-at="2024-07-17T11:28:44 IST" duration-ms="370570" status="PASS">
          <reporter-output>
          </reporter-output>
        </test-method> <!-- validateSubscriptionPackages -->
        <test-method is-config="true" signature="tearDown()[pri:0, instance:com.mytestframework.frontend.FrontendTests@6b0d80ed]" started-at="2024-07-17T11:28:44 IST" name="tearDown" finished-at="2024-07-17T11:28:44 IST" duration-ms="246" status="PASS">
          <reporter-output>
          </reporter-output>
        </test-method> <!-- tearDown -->
      </class> <!-- com.mytestframework.frontend.FrontendTests -->
    </test> <!-- Frontend Tests -->
    <test started-at="2024-07-17T11:28:44 IST" name="API Tests" finished-at="2024-07-17T11:28:45 IST" duration-ms="1587">
      <class name="com.mytestframework.api.APITests">
        <test-method signature="testAddNewDevice()[pri:0, instance:com.mytestframework.api.APITests@797b0699]" started-at="2024-07-17T11:28:44 IST" name="testAddNewDevice" finished-at="2024-07-17T11:28:45 IST" duration-ms="1584" status="PASS">
          <reporter-output>
          </reporter-output>
        </test-method> <!-- testAddNewDevice -->
        <test-method is-config="true" signature="setUp()[pri:0, instance:com.mytestframework.api.APITests@797b0699]" started-at="2024-07-17T11:28:44 IST" name="setUp" finished-at="2024-07-17T11:28:44 IST" duration-ms="0" status="PASS">
          <reporter-output>
          </reporter-output>
        </test-method> <!-- setUp -->
      </class> <!-- com.mytestframework.api.APITests -->
    </test> <!-- API Tests -->
  </suite> <!-- My Test Suite -->
</testng-results>
